Using pre-set license
Built from '2020.3/staging' branch; Version is '2020.3.19f1 (68f137dc9bbe) revision 6877495'; Using compiler version '192528614'; Build Type 'Release'
OS: 'Windows 10 Pro; OS build 19043.1288; Version 2009; 64bit' Language: 'es' Physical Memory: 7641 MB
BatchMode: 1, IsHumanControllingUs: 0, StartBugReporterOnCrash: 0, Is64bit: 1, IsPro: 0

COMMAND LINE ARGUMENTS:
C:\Program Files\Unity\Hub\Editor\2020.3.19f1\Editor\Unity.exe
-adb2
-batchMode
-noUpm
-name
AssetImportWorker0
-projectPath
C:/Users/oscar/Desktop/GameAI
-logFile
Logs/AssetImportWorker0.log
-srvPort
58924
Successfully changed project path to: C:/Users/oscar/Desktop/GameAI
C:/Users/oscar/Desktop/GameAI
Using Asset Import Pipeline V2.
Refreshing native plugins compatible for Editor in 49.69 ms, found 2 plugins.
Preloading 0 native plugins for Editor in 0.00 ms.
Initialize engine version: 2020.3.19f1 (68f137dc9bbe)
[Subsystems] Discovering subsystems at path C:/Program Files/Unity/Hub/Editor/2020.3.19f1/Editor/Data/Resources/UnitySubsystems
[Subsystems] Discovering subsystems at path C:/Users/oscar/Desktop/GameAI/Assets
GfxDevice: creating device client; threaded=0
Direct3D:
    Version:  Direct3D 11.0 [level 11.0]
    Renderer: NVIDIA GeForce GT 710 (ID=0x128b)
    Vendor:   
    VRAM:     2007 MB
    Driver:   30.0.14.7212
Initialize mono
Mono path[0] = 'C:/Program Files/Unity/Hub/Editor/2020.3.19f1/Editor/Data/Managed'
Mono path[1] = 'C:/Program Files/Unity/Hub/Editor/2020.3.19f1/Editor/Data/MonoBleedingEdge/lib/mono/unityjit'
Mono config path = 'C:/Program Files/Unity/Hub/Editor/2020.3.19f1/Editor/Data/MonoBleedingEdge/etc'
Using monoOptions --debugger-agent=transport=dt_socket,embedding=1,server=y,suspend=n,address=127.0.0.1:56868
Begin MonoManager ReloadAssembly
Registering precompiled unity dll's ...
Register platform support module: C:/Program Files/Unity/Hub/Editor/2020.3.19f1/Editor/Data/PlaybackEngines/WindowsStandaloneSupport/UnityEditor.WindowsStandalone.Extensions.dll
Registered in 0.003130 seconds.
Native extension for WindowsStandalone target not found
Refreshing native plugins compatible for Editor in 48.50 ms, found 2 plugins.
Preloading 0 native plugins for Editor in 0.00 ms.
Mono: successfully reloaded assembly
- Completed reload, in  1.775 seconds
Domain Reload Profiling:
	ReloadAssembly (1776ms)
		BeginReloadAssembly (85ms)
			ExecutionOrderSort (0ms)
			DisableScriptedObjects (0ms)
			BackupInstance (0ms)
			ReleaseScriptingObjects (0ms)
			CreateAndSetChildDomain (1ms)
		EndReloadAssembly (674ms)
			LoadAssemblies (81ms)
			RebuildTransferFunctionScriptingTraits (0ms)
			SetupTypeCache (245ms)
			ReleaseScriptCaches (0ms)
			RebuildScriptCaches (52ms)
			SetupLoadedEditorAssemblies (272ms)
				LogAssemblyErrors (0ms)
				InitializePlatformSupportModulesInManaged (6ms)
				SetLoadedEditorAssemblies (0ms)
				RefreshPlugins (49ms)
				BeforeProcessingInitializeOnLoad (21ms)
				ProcessInitializeOnLoadAttributes (128ms)
				ProcessInitializeOnLoadMethodAttributes (67ms)
				AfterProcessingInitializeOnLoad (0ms)
				EditorAssembliesLoaded (0ms)
			ExecutionOrderSort2 (0ms)
			AwakeInstancesAfterBackupRestoration (0ms)
Platform modules already initialized, skipping
Registering precompiled user dll's ...
Registered in 0.004689 seconds.
Begin MonoManager ReloadAssembly
Native extension for WindowsStandalone target not found
Refreshing native plugins compatible for Editor in 0.42 ms, found 2 plugins.
Preloading 0 native plugins for Editor in 0.00 ms.
Mono: successfully reloaded assembly
- Completed reload, in  1.565 seconds
Domain Reload Profiling:
	ReloadAssembly (1566ms)
		BeginReloadAssembly (232ms)
			ExecutionOrderSort (0ms)
			DisableScriptedObjects (7ms)
			BackupInstance (0ms)
			ReleaseScriptingObjects (0ms)
			CreateAndSetChildDomain (25ms)
		EndReloadAssembly (1233ms)
			LoadAssemblies (135ms)
			RebuildTransferFunctionScriptingTraits (0ms)
			SetupTypeCache (410ms)
			ReleaseScriptCaches (0ms)
			RebuildScriptCaches (65ms)
			SetupLoadedEditorAssemblies (487ms)
				LogAssemblyErrors (0ms)
				InitializePlatformSupportModulesInManaged (7ms)
				SetLoadedEditorAssemblies (1ms)
				RefreshPlugins (1ms)
				BeforeProcessingInitializeOnLoad (135ms)
				ProcessInitializeOnLoadAttributes (324ms)
				ProcessInitializeOnLoadMethodAttributes (7ms)
				AfterProcessingInitializeOnLoad (12ms)
				EditorAssembliesLoaded (0ms)
			ExecutionOrderSort2 (0ms)
			AwakeInstancesAfterBackupRestoration (10ms)
Platform modules already initialized, skipping
========================================================================
Worker process is ready to serve import requests
Launched and connected shader compiler UnityShaderCompiler.exe after 0.21 seconds
Refreshing native plugins compatible for Editor in 0.44 ms, found 2 plugins.
Preloading 0 native plugins for Editor in 0.00 ms.
Unloading 1397 Unused Serialized files (Serialized files now loaded: 0)
System memory in use before: 64.8 MB.
System memory in use after: 64.9 MB.

Unloading 16 unused Assets to reduce memory usage. Loaded Objects now: 1832.
Total: 3.997500 ms (FindLiveObjects: 0.207300 ms CreateObjectMapping: 0.069800 ms MarkObjects: 3.619000 ms  DeleteObjects: 0.099600 ms)

AssetImportParameters requested are different than current active one (requested -> active):
  custom:framework-win-MediaFoundation: 216162199b28c13a410421893ffa2e32 -> 
  custom:video-decoder-ogg-theora: a1e56fd34408186e4bbccfd4996cb3dc -> 
  custom:container-muxer-webm: aa71ff27fc2769a1b78a27578f13a17b -> 
  custom:container-demuxer-webm: 4f35f7cbe854078d1ac9338744f61a02 -> 
  custom:container-demuxer-ogg: 62fdf1f143b41e24485cea50d1cbac27 -> 
  custom:video-encoder-webm-vp8: eb34c28f22e8b96e1ab97ce403110664 -> 
  custom:video-decoder-webm-vp8: 9c59270c3fd7afecdb556c50c9e8de78 -> 
  custom:audio-decoder-ogg-vorbis: bf7c407c2cedff20999df2af8eb42d56 -> 
  custom:audio-encoder-webm-vorbis: bf7c407c2cedff20999df2af8eb42d56 -> 
========================================================================
Received Import Request.
  path: Assets
  artifactKey: Guid(00000000000000001000000000000000) Importer(815301076,1909f56bfc062723c751e8b465ee728b)
Start importing Assets using Guid(00000000000000001000000000000000) Importer(815301076,1909f56bfc062723c751e8b465ee728b)  -> (artifact id: '42d402b061de3733987d63b9cc3b64de') in 0.011014 seconds 
  Import took 0.049753 seconds .

========================================================================
Received Import Request.
  Time since last request: 1.210179 seconds.
  path: Assets/MyAssets
  artifactKey: Guid(09fde3ba70d758749ab40cdd24324ea0) Importer(815301076,1909f56bfc062723c751e8b465ee728b)
Start importing Assets/MyAssets using Guid(09fde3ba70d758749ab40cdd24324ea0) Importer(815301076,1909f56bfc062723c751e8b465ee728b)  -> (artifact id: 'de31de8740322812d2dba7339474d918') in 0.011922 seconds 
  Import took 0.015765 seconds .

========================================================================
Received Import Request.
  Time since last request: 5.267553 seconds.
  path: Assets/MyAssets/Virus
  artifactKey: Guid(e73dc416d4e4008469f8cc4f2c8fb550) Importer(815301076,1909f56bfc062723c751e8b465ee728b)
Start importing Assets/MyAssets/Virus using Guid(e73dc416d4e4008469f8cc4f2c8fb550) Importer(815301076,1909f56bfc062723c751e8b465ee728b)  -> (artifact id: 'afea3d34be7fd646d9579d6a05f34998') in 0.013117 seconds 
  Import took 0.017826 seconds .

========================================================================
Received Import Request.
  Time since last request: 5.132520 seconds.
  path: Assets/MyAssets/Player
  artifactKey: Guid(64f13ed77366b164bae4c6ae5c4d7792) Importer(815301076,1909f56bfc062723c751e8b465ee728b)
Start importing Assets/MyAssets/Player using Guid(64f13ed77366b164bae4c6ae5c4d7792) Importer(815301076,1909f56bfc062723c751e8b465ee728b)  -> (artifact id: 'f0ebda6473b58711becbc5ef8999778f') in 0.008743 seconds 
  Import took 0.011800 seconds .

========================================================================
Received Import Request.
  Time since last request: 13.814730 seconds.
  path: Assets/MyAssets/Vida
  artifactKey: Guid(78adb9accc1051541a30788e8087f25d) Importer(815301076,1909f56bfc062723c751e8b465ee728b)
Start importing Assets/MyAssets/Vida using Guid(78adb9accc1051541a30788e8087f25d) Importer(815301076,1909f56bfc062723c751e8b465ee728b)  -> (artifact id: 'aa4dc3d8abbf8a69741e6f53c5be6899') in 0.009017 seconds 
  Import took 0.012724 seconds .

========================================================================
Received Import Request.
  Time since last request: 2148.082467 seconds.
  path: Assets/MyAssets/Vida/Blanco.png
  artifactKey: Guid(c3c1e89a0f0072740b5670c6d49747ae) Importer(815301076,1909f56bfc062723c751e8b465ee728b)
Start importing Assets/MyAssets/Vida/Blanco.png using Guid(c3c1e89a0f0072740b5670c6d49747ae) Importer(815301076,1909f56bfc062723c751e8b465ee728b)  -> (artifact id: 'c92259f4fbe772093ee751b6afd40f36') in 0.719271 seconds 
  Import took 0.737664 seconds .

========================================================================
Received Import Request.
  Time since last request: 0.000303 seconds.
  path: Assets/MyAssets/Vida/VidaSeguir.cs
  artifactKey: Guid(e77bb5d07910f5444be630f4c64e7b3a) Importer(815301076,1909f56bfc062723c751e8b465ee728b)
Start importing Assets/MyAssets/Vida/VidaSeguir.cs using Guid(e77bb5d07910f5444be630f4c64e7b3a) Importer(815301076,1909f56bfc062723c751e8b465ee728b)  -> (artifact id: 'ed4a3844ac67d04e88b13d0e5ba9be62') in 0.135010 seconds 
  Import took 0.138764 seconds .

========================================================================
Received Import Request.
  Time since last request: 6.750924 seconds.
  path: Assets/MyAssets/Vida/Blanco.png
  artifactKey: Guid(c3c1e89a0f0072740b5670c6d49747ae) Importer(815301076,1909f56bfc062723c751e8b465ee728b)
Start importing Assets/MyAssets/Vida/Blanco.png using Guid(c3c1e89a0f0072740b5670c6d49747ae) Importer(815301076,1909f56bfc062723c751e8b465ee728b)  -> (artifact id: '5ca996e09ccbd33210cfc70311286371') in 0.173474 seconds 
  Import took 0.180924 seconds .

========================================================================
Received Prepare
Registering precompiled user dll's ...
Registered in 0.062029 seconds.
Begin MonoManager ReloadAssembly
Native extension for WindowsStandalone target not found
Refreshing native plugins compatible for Editor in 0.46 ms, found 2 plugins.
Preloading 0 native plugins for Editor in 0.00 ms.
Mono: successfully reloaded assembly
- Completed reload, in  1.477 seconds
Domain Reload Profiling:
	ReloadAssembly (1477ms)
		BeginReloadAssembly (169ms)
			ExecutionOrderSort (0ms)
			DisableScriptedObjects (7ms)
			BackupInstance (0ms)
			ReleaseScriptingObjects (0ms)
			CreateAndSetChildDomain (44ms)
		EndReloadAssembly (1212ms)
			LoadAssemblies (129ms)
			RebuildTransferFunctionScriptingTraits (0ms)
			SetupTypeCache (361ms)
			ReleaseScriptCaches (1ms)
			RebuildScriptCaches (55ms)
			SetupLoadedEditorAssemblies (536ms)
				LogAssemblyErrors (0ms)
				InitializePlatformSupportModulesInManaged (7ms)
				SetLoadedEditorAssemblies (1ms)
				RefreshPlugins (1ms)
				BeforeProcessingInitializeOnLoad (116ms)
				ProcessInitializeOnLoadAttributes (395ms)
				ProcessInitializeOnLoadMethodAttributes (6ms)
				AfterProcessingInitializeOnLoad (10ms)
				EditorAssembliesLoaded (0ms)
			ExecutionOrderSort2 (0ms)
			AwakeInstancesAfterBackupRestoration (10ms)
Platform modules already initialized, skipping
Refreshing native plugins compatible for Editor in 0.41 ms, found 2 plugins.
Preloading 0 native plugins for Editor in 0.00 ms.
Unloading 1394 Unused Serialized files (Serialized files now loaded: 0)
System memory in use before: 67.8 MB.
System memory in use after: 67.9 MB.

Unloading 11 unused Assets to reduce memory usage. Loaded Objects now: 1844.
Total: 3.456400 ms (FindLiveObjects: 0.163400 ms CreateObjectMapping: 0.067800 ms MarkObjects: 3.204400 ms  DeleteObjects: 0.019100 ms)

AssetImportParameters requested are different than current active one (requested -> active):
  custom:framework-win-MediaFoundation: 216162199b28c13a410421893ffa2e32 -> 
  custom:video-decoder-ogg-theora: a1e56fd34408186e4bbccfd4996cb3dc -> 
  custom:container-muxer-webm: aa71ff27fc2769a1b78a27578f13a17b -> 
  custom:container-demuxer-webm: 4f35f7cbe854078d1ac9338744f61a02 -> 
  custom:container-demuxer-ogg: 62fdf1f143b41e24485cea50d1cbac27 -> 
  custom:video-encoder-webm-vp8: eb34c28f22e8b96e1ab97ce403110664 -> 
  custom:video-decoder-webm-vp8: 9c59270c3fd7afecdb556c50c9e8de78 -> 
  custom:audio-decoder-ogg-vorbis: bf7c407c2cedff20999df2af8eb42d56 -> 
  custom:audio-encoder-webm-vorbis: bf7c407c2cedff20999df2af8eb42d56 -> 
========================================================================
Received Import Request.
  Time since last request: 21.518705 seconds.
  path: Assets/MyAssets/Virus/VirusModel.fbx
  artifactKey: Guid(1c191f113ca2f7444ad74dffa9ae4754) Importer(815301076,1909f56bfc062723c751e8b465ee728b)
Start importing Assets/MyAssets/Virus/VirusModel.fbx using Guid(1c191f113ca2f7444ad74dffa9ae4754) Importer(815301076,1909f56bfc062723c751e8b465ee728b)  -> (artifact id: 'd259e73a6364b6067724c7c31e5b6a12') in 0.413959 seconds 
  Import took 0.432884 seconds .

========================================================================
Received Import Request.
  Time since last request: 3.645341 seconds.
  path: Assets/MyAssets/Virus/Model
  artifactKey: Guid(636c64aba849d894aae1e256b2bced22) Importer(815301076,1909f56bfc062723c751e8b465ee728b)
Start importing Assets/MyAssets/Virus/Model using Guid(636c64aba849d894aae1e256b2bced22) Importer(815301076,1909f56bfc062723c751e8b465ee728b)  -> (artifact id: 'a446d21b06a2a22f6202b6169e26d6ff') in 0.008591 seconds 
  Import took 0.012149 seconds .

========================================================================
Received Import Request.
  Time since last request: 12.697956 seconds.
  path: Assets/MyAssets/Virus/Material
  artifactKey: Guid(be3537e5503ed2d459351ea27d08e514) Importer(815301076,1909f56bfc062723c751e8b465ee728b)
Start importing Assets/MyAssets/Virus/Material using Guid(be3537e5503ed2d459351ea27d08e514) Importer(815301076,1909f56bfc062723c751e8b465ee728b)  -> (artifact id: '1aff2516e5bb35e6f61b773ae88264d0') in 0.008473 seconds 
  Import took 0.011841 seconds .

========================================================================
Received Import Request.
  Time since last request: 5.338195 seconds.
  path: Assets/MyAssets/Virus/Scripy
  artifactKey: Guid(b77a2ba01ab3e4245a9491bc0531976c) Importer(815301076,1909f56bfc062723c751e8b465ee728b)
Start importing Assets/MyAssets/Virus/Scripy using Guid(b77a2ba01ab3e4245a9491bc0531976c) Importer(815301076,1909f56bfc062723c751e8b465ee728b)  -> (artifact id: '8044f4ffaf7026eaab10e56d52f7b81c') in 0.008565 seconds 
  Import took 0.011658 seconds .

========================================================================
Received Import Request.
  Time since last request: 5.027935 seconds.
  path: Assets/MyAssets/Virus/Script
  artifactKey: Guid(b77a2ba01ab3e4245a9491bc0531976c) Importer(815301076,1909f56bfc062723c751e8b465ee728b)
Start importing Assets/MyAssets/Virus/Script using Guid(b77a2ba01ab3e4245a9491bc0531976c) Importer(815301076,1909f56bfc062723c751e8b465ee728b)  -> (artifact id: '97d78755d27acb41c5764a56a71dfae8') in 0.009057 seconds 
  Import took 0.012167 seconds .

========================================================================
Received Import Request.
  Time since last request: 4.902143 seconds.
  path: Assets/MyAssets/Virus/Prefab
  artifactKey: Guid(5444ceededf80de4899e9ff7623504da) Importer(815301076,1909f56bfc062723c751e8b465ee728b)
Start importing Assets/MyAssets/Virus/Prefab using Guid(5444ceededf80de4899e9ff7623504da) Importer(815301076,1909f56bfc062723c751e8b465ee728b)  -> (artifact id: 'ec7b76df00c304b6efffd817ee213920') in 0.009348 seconds 
  Import took 0.012409 seconds .

========================================================================
Received Import Request.
  Time since last request: 4.839590 seconds.
  path: Assets/MyAssets/Virus/Animation
  artifactKey: Guid(1052f748d02818d4383f58944db1db62) Importer(815301076,1909f56bfc062723c751e8b465ee728b)
Start importing Assets/MyAssets/Virus/Animation using Guid(1052f748d02818d4383f58944db1db62) Importer(815301076,1909f56bfc062723c751e8b465ee728b)  -> (artifact id: 'eb4141adc98543de526299c774dff113') in 0.010690 seconds 
  Import took 0.014185 seconds .

========================================================================
Received Import Request.
  Time since last request: 5.466391 seconds.
  path: Assets/MyAssets/Player/Model
  artifactKey: Guid(99e2ed8d788d4f44180e4f01d392c27a) Importer(815301076,1909f56bfc062723c751e8b465ee728b)
Start importing Assets/MyAssets/Player/Model using Guid(99e2ed8d788d4f44180e4f01d392c27a) Importer(815301076,1909f56bfc062723c751e8b465ee728b)  -> (artifact id: '66cfc3374fb889cafe1df0cbddc9c844') in 0.004365 seconds 
  Import took 0.007884 seconds .

========================================================================
Received Import Request.
  Time since last request: 5.014535 seconds.
  path: Assets/MyAssets/Player/Script
  artifactKey: Guid(0d22644c20700e14aa94f6d99708a2ff) Importer(815301076,1909f56bfc062723c751e8b465ee728b)
Start importing Assets/MyAssets/Player/Script using Guid(0d22644c20700e14aa94f6d99708a2ff) Importer(815301076,1909f56bfc062723c751e8b465ee728b)  -> (artifact id: '293bedca64bbb0958746fbf0ba1124cc') in 0.004304 seconds 
  Import took 0.007668 seconds .

========================================================================
Received Import Request.
  Time since last request: 5.108249 seconds.
  path: Assets/MyAssets/Player/Material
  artifactKey: Guid(37edd0c851557cf458db227b2f8763e0) Importer(815301076,1909f56bfc062723c751e8b465ee728b)
Start importing Assets/MyAssets/Player/Material using Guid(37edd0c851557cf458db227b2f8763e0) Importer(815301076,1909f56bfc062723c751e8b465ee728b)  -> (artifact id: 'a0bb6d6e00ddca7cbc976cf79168a0f5') in 0.005995 seconds 
  Import took 0.009103 seconds .

========================================================================
Received Import Request.
  Time since last request: 10.500492 seconds.
  path: Assets/MyAssets/Player/Animation
  artifactKey: Guid(885cd4708337bca45a5bb15a872d98a8) Importer(815301076,1909f56bfc062723c751e8b465ee728b)
Start importing Assets/MyAssets/Player/Animation using Guid(885cd4708337bca45a5bb15a872d98a8) Importer(815301076,1909f56bfc062723c751e8b465ee728b)  -> (artifact id: '615d4edd09c49aa5c50151169cc09a9f') in 0.005342 seconds 
  Import took 0.028606 seconds .

========================================================================
Received Import Request.
  Time since last request: 5.896623 seconds.
  path: Assets/MyAssets/Player/Prefab
  artifactKey: Guid(5917df147056b3d44b20dd8dea4b66ff) Importer(815301076,1909f56bfc062723c751e8b465ee728b)
Start importing Assets/MyAssets/Player/Prefab using Guid(5917df147056b3d44b20dd8dea4b66ff) Importer(815301076,1909f56bfc062723c751e8b465ee728b)  -> (artifact id: '7a24bb2ef7c7bf2458ee2397c5b35aeb') in 0.004352 seconds 
  Import took 0.025809 seconds .

========================================================================
Received Import Request.
  Time since last request: 232.594257 seconds.
  path: Assets/MyAssets/Player/Material/PlayerMaterial.mat
  artifactKey: Guid(d99aab88f27cd504981288823eef65bc) Importer(815301076,1909f56bfc062723c751e8b465ee728b)
Start importing Assets/MyAssets/Player/Material/PlayerMaterial.mat using Guid(d99aab88f27cd504981288823eef65bc) Importer(815301076,1909f56bfc062723c751e8b465ee728b)  -> (artifact id: 'cf2b69bc3e57cc12cb6ea1b1943f7a09') in 0.175986 seconds 
  Import took 0.179698 seconds .

========================================================================
Received Import Request.
  Time since last request: 48.593694 seconds.
  path: Assets/MyAssets/Player/Material/PlayerMaterial.mat
  artifactKey: Guid(d99aab88f27cd504981288823eef65bc) Importer(815301076,1909f56bfc062723c751e8b465ee728b)
Start importing Assets/MyAssets/Player/Material/PlayerMaterial.mat using Guid(d99aab88f27cd504981288823eef65bc) Importer(815301076,1909f56bfc062723c751e8b465ee728b)  -> (artifact id: 'c70805e6284baabc2621ac11a577268f') in 0.075518 seconds 
  Import took 0.095674 seconds .

========================================================================
Received Import Request.
  Time since last request: 13.486444 seconds.
  path: Assets/MyAssets/Player/Material/PlayerMaterial.mat
  artifactKey: Guid(d99aab88f27cd504981288823eef65bc) Importer(815301076,1909f56bfc062723c751e8b465ee728b)
Start importing Assets/MyAssets/Player/Material/PlayerMaterial.mat using Guid(d99aab88f27cd504981288823eef65bc) Importer(815301076,1909f56bfc062723c751e8b465ee728b)  -> (artifact id: 'fbd64541c4bbf0e0be77faf5d893bce7') in 0.048269 seconds 
  Import took 0.052200 seconds .

========================================================================
Received Import Request.
  Time since last request: 20.202817 seconds.
  path: Assets/MyAssets/Virus/Model/VirusModel.fbx
  artifactKey: Guid(1c191f113ca2f7444ad74dffa9ae4754) Importer(815301076,1909f56bfc062723c751e8b465ee728b)
Start importing Assets/MyAssets/Virus/Model/VirusModel.fbx using Guid(1c191f113ca2f7444ad74dffa9ae4754) Importer(815301076,1909f56bfc062723c751e8b465ee728b)  -> (artifact id: '9e60be6ac2c4327555d5abeba88a3d12') in 0.062519 seconds 
  Import took 0.082338 seconds .

========================================================================
Received Import Request.
  Time since last request: 1.912066 seconds.
  path: Assets/MyAssets/Virus/Material/Material.001.mat
  artifactKey: Guid(42b9d83dc317b944d993e646ad262ed3) Importer(815301076,1909f56bfc062723c751e8b465ee728b)
Start importing Assets/MyAssets/Virus/Material/Material.001.mat using Guid(42b9d83dc317b944d993e646ad262ed3) Importer(815301076,1909f56bfc062723c751e8b465ee728b)  -> (artifact id: '15b0f4d4114fd7f51a713cb6658b89e1') in 0.017111 seconds 
  Import took 0.021114 seconds .

========================================================================
Received Import Request.
  Time since last request: 0.000295 seconds.
  path: Assets/MyAssets/Virus/Material/Material.mat
  artifactKey: Guid(2883dc266a86e0546b994e2c6a521199) Importer(815301076,1909f56bfc062723c751e8b465ee728b)
Start importing Assets/MyAssets/Virus/Material/Material.mat using Guid(2883dc266a86e0546b994e2c6a521199) Importer(815301076,1909f56bfc062723c751e8b465ee728b)  -> (artifact id: '37afe1e19c3b2f10f70a6e28b01ccede') in 0.019966 seconds 
  Import took 0.035990 seconds .

